<?xml version="1.0" encoding="UTF-8"?>
<testng-results skipped="0" failed="0" ignored="0" total="1" passed="1">
  <reporter-output>
    <line>
      <![CDATA[Launching browser]]>
    </line>
    <line>
      <![CDATA[Email enter by user: un234@gmail.com]]>
    </line>
    <line>
      <![CDATA[Email present in the app: un234@gmail.com]]>
    </line>
    <line>
      <![CDATA[Same email is present]]>
    </line>
  </reporter-output>
  <suite name="Default suite" duration-ms="144939" started-at="2020-03-03T19:52:45Z" finished-at="2020-03-03T19:55:10Z">
    <groups>
    </groups>
    <test name="Default test" duration-ms="144939" started-at="2020-03-03T19:52:45Z" finished-at="2020-03-03T19:55:10Z">
      <class name="org.bb.testPom.TestInvoice">
        <test-method status="PASS" signature="lBrowser()[pri:0, instance:org.bb.testPom.TestInvoice@2ef5e5e3]" name="lBrowser" is-config="true" duration-ms="61416" started-at="2020-03-03T19:52:45Z" finished-at="2020-03-03T19:53:46Z">
          <reporter-output>
            <line>
              <![CDATA[Launching browser]]>
            </line>
          </reporter-output>
        </test-method> <!-- lBrowser -->
        <test-method status="PASS" signature="run()[pri:0, instance:org.bb.testPom.TestInvoice@2ef5e5e3]" name="run" duration-ms="81719" started-at="2020-03-03T19:53:46Z" finished-at="2020-03-03T19:55:08Z">
          <reporter-output>
            <line>
              <![CDATA[Email enter by user: un234@gmail.com]]>
            </line>
            <line>
              <![CDATA[Email present in the app: un234@gmail.com]]>
            </line>
            <line>
              <![CDATA[Same email is present]]>
            </line>
          </reporter-output>
        </test-method> <!-- run -->
        <test-method status="PASS" signature="cBrowser()[pri:0, instance:org.bb.testPom.TestInvoice@2ef5e5e3]" name="cBrowser" is-config="true" duration-ms="1634" started-at="2020-03-03T19:55:08Z" finished-at="2020-03-03T19:55:10Z">
          <reporter-output>
          </reporter-output>
        </test-method> <!-- cBrowser -->
      </class> <!-- org.bb.testPom.TestInvoice -->
    </test> <!-- Default test -->
  </suite> <!-- Default suite -->
</testng-results>
